{"total": {"lines":{"total":4039,"covered":3595,"skipped":0,"pct":89},"statements":{"total":4039,"covered":3595,"skipped":0,"pct":89},"functions":{"total":205,"covered":156,"skipped":0,"pct":76.09},"branches":{"total":592,"covered":486,"skipped":0,"pct":82.09},"branchesTrue":{"total":0,"covered":0,"skipped":0,"pct":100}}
,"C:\\git\\tonalscale\\src\\App.vue": {"lines":{"total":18,"covered":0,"skipped":0,"pct":0},"functions":{"total":1,"covered":0,"skipped":0,"pct":0},"statements":{"total":18,"covered":0,"skipped":0,"pct":0},"branches":{"total":1,"covered":0,"skipped":0,"pct":0}}
,"C:\\git\\tonalscale\\src\\components\\common\\ContextMenu.vue": {"lines":{"total":130,"covered":0,"skipped":0,"pct":0},"functions":{"total":1,"covered":0,"skipped":0,"pct":0},"statements":{"total":130,"covered":0,"skipped":0,"pct":0},"branches":{"total":1,"covered":0,"skipped":0,"pct":0}}
,"C:\\git\\tonalscale\\src\\components\\demo\\UtilityExamples.vue": {"lines":{"total":202,"covered":191,"skipped":0,"pct":94.55},"functions":{"total":3,"covered":0,"skipped":0,"pct":0},"statements":{"total":202,"covered":191,"skipped":0,"pct":94.55},"branches":{"total":6,"covered":5,"skipped":0,"pct":83.33}}
,"C:\\git\\tonalscale\\src\\components\\forms\\ValidationSampleForm.vue": {"lines":{"total":157,"covered":144,"skipped":0,"pct":91.71},"functions":{"total":4,"covered":1,"skipped":0,"pct":25},"statements":{"total":157,"covered":144,"skipped":0,"pct":91.71},"branches":{"total":12,"covered":12,"skipped":0,"pct":100}}
,"C:\\git\\tonalscale\\src\\components\\i18n\\LocaleSwitcher.vue": {"lines":{"total":55,"covered":55,"skipped":0,"pct":100},"functions":{"total":2,"covered":2,"skipped":0,"pct":100},"statements":{"total":55,"covered":55,"skipped":0,"pct":100},"branches":{"total":5,"covered":5,"skipped":0,"pct":100}}
,"C:\\git\\tonalscale\\src\\components\\tonal-builder\\BlendDistributionGraph.vue": {"lines":{"total":70,"covered":25,"skipped":0,"pct":35.71},"functions":{"total":0,"covered":0,"skipped":0,"pct":100},"statements":{"total":70,"covered":25,"skipped":0,"pct":35.71},"branches":{"total":7,"covered":2,"skipped":0,"pct":28.57}}
,"C:\\git\\tonalscale\\src\\components\\tonal-builder\\ColorPickerCard.vue": {"lines":{"total":232,"covered":216,"skipped":0,"pct":93.1},"functions":{"total":11,"covered":8,"skipped":0,"pct":72.72},"statements":{"total":232,"covered":216,"skipped":0,"pct":93.1},"branches":{"total":27,"covered":24,"skipped":0,"pct":88.88}}
,"C:\\git\\tonalscale\\src\\components\\tonal-builder\\ContrastPreviewCard.vue": {"lines":{"total":125,"covered":125,"skipped":0,"pct":100},"functions":{"total":1,"covered":1,"skipped":0,"pct":100},"statements":{"total":125,"covered":125,"skipped":0,"pct":100},"branches":{"total":31,"covered":31,"skipped":0,"pct":100}}
,"C:\\git\\tonalscale\\src\\components\\tonal-builder\\TonalStrip.vue": {"lines":{"total":315,"covered":251,"skipped":0,"pct":79.68},"functions":{"total":17,"covered":16,"skipped":0,"pct":94.11},"statements":{"total":315,"covered":251,"skipped":0,"pct":79.68},"branches":{"total":109,"covered":82,"skipped":0,"pct":75.22}}
,"C:\\git\\tonalscale\\src\\components\\tonal-builder\\types.ts": {"lines":{"total":0,"covered":0,"skipped":0,"pct":100},"functions":{"total":1,"covered":1,"skipped":0,"pct":100},"statements":{"total":0,"covered":0,"skipped":0,"pct":100},"branches":{"total":1,"covered":1,"skipped":0,"pct":100}}
,"C:\\git\\tonalscale\\src\\composables\\useClipboard.ts": {"lines":{"total":16,"covered":16,"skipped":0,"pct":100},"functions":{"total":2,"covered":2,"skipped":0,"pct":100},"statements":{"total":16,"covered":16,"skipped":0,"pct":100},"branches":{"total":4,"covered":4,"skipped":0,"pct":100}}
,"C:\\git\\tonalscale\\src\\composables\\useContextMenu.ts": {"lines":{"total":29,"covered":29,"skipped":0,"pct":100},"functions":{"total":3,"covered":3,"skipped":0,"pct":100},"statements":{"total":29,"covered":29,"skipped":0,"pct":100},"branches":{"total":4,"covered":4,"skipped":0,"pct":100}}
,"C:\\git\\tonalscale\\src\\composables\\useLiveNow.ts": {"lines":{"total":18,"covered":17,"skipped":0,"pct":94.44},"functions":{"total":1,"covered":1,"skipped":0,"pct":100},"statements":{"total":18,"covered":17,"skipped":0,"pct":94.44},"branches":{"total":2,"covered":2,"skipped":0,"pct":100}}
,"C:\\git\\tonalscale\\src\\composables\\useLocale.ts": {"lines":{"total":29,"covered":23,"skipped":0,"pct":79.31},"functions":{"total":4,"covered":3,"skipped":0,"pct":75},"statements":{"total":29,"covered":23,"skipped":0,"pct":79.31},"branches":{"total":8,"covered":5,"skipped":0,"pct":62.5}}
,"C:\\git\\tonalscale\\src\\composables\\usePlotlyGraph.ts": {"lines":{"total":60,"covered":48,"skipped":0,"pct":80},"functions":{"total":6,"covered":6,"skipped":0,"pct":100},"statements":{"total":60,"covered":48,"skipped":0,"pct":80},"branches":{"total":15,"covered":10,"skipped":0,"pct":66.66}}
,"C:\\git\\tonalscale\\src\\composables\\useTonalBuilderColors.ts": {"lines":{"total":45,"covered":33,"skipped":0,"pct":73.33},"functions":{"total":5,"covered":2,"skipped":0,"pct":40},"statements":{"total":45,"covered":33,"skipped":0,"pct":73.33},"branches":{"total":8,"covered":5,"skipped":0,"pct":62.5}}
,"C:\\git\\tonalscale\\src\\composables\\useTonalBuilderControls.ts": {"lines":{"total":94,"covered":94,"skipped":0,"pct":100},"functions":{"total":6,"covered":6,"skipped":0,"pct":100},"statements":{"total":94,"covered":94,"skipped":0,"pct":100},"branches":{"total":15,"covered":14,"skipped":0,"pct":93.33}}
,"C:\\git\\tonalscale\\src\\composables\\useTonalBuilderEngine.ts": {"lines":{"total":33,"covered":33,"skipped":0,"pct":100},"functions":{"total":4,"covered":4,"skipped":0,"pct":100},"statements":{"total":33,"covered":33,"skipped":0,"pct":100},"branches":{"total":7,"covered":7,"skipped":0,"pct":100}}
,"C:\\git\\tonalscale\\src\\composables\\useTonalExport.ts": {"lines":{"total":35,"covered":35,"skipped":0,"pct":100},"functions":{"total":2,"covered":2,"skipped":0,"pct":100},"statements":{"total":35,"covered":35,"skipped":0,"pct":100},"branches":{"total":4,"covered":4,"skipped":0,"pct":100}}
,"C:\\git\\tonalscale\\src\\locales\\en.ts": {"lines":{"total":277,"covered":277,"skipped":0,"pct":100},"functions":{"total":0,"covered":0,"skipped":0,"pct":100},"statements":{"total":277,"covered":277,"skipped":0,"pct":100},"branches":{"total":0,"covered":0,"skipped":0,"pct":100}}
,"C:\\git\\tonalscale\\src\\locales\\fr.ts": {"lines":{"total":276,"covered":276,"skipped":0,"pct":100},"functions":{"total":0,"covered":0,"skipped":0,"pct":100},"statements":{"total":276,"covered":276,"skipped":0,"pct":100},"branches":{"total":0,"covered":0,"skipped":0,"pct":100}}
,"C:\\git\\tonalscale\\src\\locales\\index.ts": {"lines":{"total":3,"covered":3,"skipped":0,"pct":100},"functions":{"total":0,"covered":0,"skipped":0,"pct":100},"statements":{"total":3,"covered":3,"skipped":0,"pct":100},"branches":{"total":0,"covered":0,"skipped":0,"pct":100}}
,"C:\\git\\tonalscale\\src\\plugins\\i18n.ts": {"lines":{"total":53,"covered":45,"skipped":0,"pct":84.9},"functions":{"total":5,"covered":5,"skipped":0,"pct":100},"statements":{"total":53,"covered":45,"skipped":0,"pct":84.9},"branches":{"total":25,"covered":17,"skipped":0,"pct":68}}
,"C:\\git\\tonalscale\\src\\plugins\\pinia.ts": {"lines":{"total":6,"covered":0,"skipped":0,"pct":0},"functions":{"total":1,"covered":0,"skipped":0,"pct":0},"statements":{"total":6,"covered":0,"skipped":0,"pct":0},"branches":{"total":1,"covered":0,"skipped":0,"pct":0}}
,"C:\\git\\tonalscale\\src\\plugins\\pwa.ts": {"lines":{"total":23,"covered":0,"skipped":0,"pct":0},"functions":{"total":1,"covered":0,"skipped":0,"pct":0},"statements":{"total":23,"covered":0,"skipped":0,"pct":0},"branches":{"total":1,"covered":0,"skipped":0,"pct":0}}
,"C:\\git\\tonalscale\\src\\plugins\\validation.ts": {"lines":{"total":10,"covered":10,"skipped":0,"pct":100},"functions":{"total":1,"covered":1,"skipped":0,"pct":100},"statements":{"total":10,"covered":10,"skipped":0,"pct":100},"branches":{"total":1,"covered":1,"skipped":0,"pct":100}}
,"C:\\git\\tonalscale\\src\\router\\index.ts": {"lines":{"total":45,"covered":45,"skipped":0,"pct":100},"functions":{"total":5,"covered":5,"skipped":0,"pct":100},"statements":{"total":45,"covered":45,"skipped":0,"pct":100},"branches":{"total":5,"covered":5,"skipped":0,"pct":100}}
,"C:\\git\\tonalscale\\src\\router\\navigationGuards.ts": {"lines":{"total":16,"covered":16,"skipped":0,"pct":100},"functions":{"total":2,"covered":2,"skipped":0,"pct":100},"statements":{"total":16,"covered":16,"skipped":0,"pct":100},"branches":{"total":5,"covered":4,"skipped":0,"pct":80}}
,"C:\\git\\tonalscale\\src\\stores\\app.ts": {"lines":{"total":26,"covered":26,"skipped":0,"pct":100},"functions":{"total":5,"covered":5,"skipped":0,"pct":100},"statements":{"total":26,"covered":26,"skipped":0,"pct":100},"branches":{"total":5,"covered":5,"skipped":0,"pct":100}}
,"C:\\git\\tonalscale\\src\\stores\\tonalScale.ts": {"lines":{"total":309,"covered":299,"skipped":0,"pct":96.76},"functions":{"total":22,"covered":21,"skipped":0,"pct":95.45},"statements":{"total":309,"covered":299,"skipped":0,"pct":96.76},"branches":{"total":79,"covered":62,"skipped":0,"pct":78.48}}
,"C:\\git\\tonalscale\\src\\utils\\collection.ts": {"lines":{"total":11,"covered":9,"skipped":0,"pct":81.81},"functions":{"total":3,"covered":3,"skipped":0,"pct":100},"statements":{"total":11,"covered":9,"skipped":0,"pct":81.81},"branches":{"total":4,"covered":3,"skipped":0,"pct":75}}
,"C:\\git\\tonalscale\\src\\utils\\color.ts": {"lines":{"total":85,"covered":85,"skipped":0,"pct":100},"functions":{"total":8,"covered":8,"skipped":0,"pct":100},"statements":{"total":85,"covered":85,"skipped":0,"pct":100},"branches":{"total":28,"covered":28,"skipped":0,"pct":100}}
,"C:\\git\\tonalscale\\src\\utils\\date.ts": {"lines":{"total":10,"covered":10,"skipped":0,"pct":100},"functions":{"total":2,"covered":2,"skipped":0,"pct":100},"statements":{"total":10,"covered":10,"skipped":0,"pct":100},"branches":{"total":5,"covered":2,"skipped":0,"pct":40}}
,"C:\\git\\tonalscale\\src\\utils\\text.ts": {"lines":{"total":10,"covered":10,"skipped":0,"pct":100},"functions":{"total":1,"covered":1,"skipped":0,"pct":100},"statements":{"total":10,"covered":10,"skipped":0,"pct":100},"branches":{"total":3,"covered":3,"skipped":0,"pct":100}}
,"C:\\git\\tonalscale\\src\\utils\\validation.ts": {"lines":{"total":9,"covered":9,"skipped":0,"pct":100},"functions":{"total":2,"covered":2,"skipped":0,"pct":100},"statements":{"total":9,"covered":9,"skipped":0,"pct":100},"branches":{"total":5,"covered":4,"skipped":0,"pct":80}}
,"C:\\git\\tonalscale\\src\\utils\\tonal\\blending.ts": {"lines":{"total":94,"covered":89,"skipped":0,"pct":94.68},"functions":{"total":17,"covered":9,"skipped":0,"pct":52.94},"statements":{"total":94,"covered":89,"skipped":0,"pct":94.68},"branches":{"total":27,"covered":25,"skipped":0,"pct":92.59}}
,"C:\\git\\tonalscale\\src\\utils\\tonal\\color-math.ts": {"lines":{"total":198,"covered":173,"skipped":0,"pct":87.37},"functions":{"total":18,"covered":18,"skipped":0,"pct":100},"statements":{"total":198,"covered":173,"skipped":0,"pct":87.37},"branches":{"total":52,"covered":38,"skipped":0,"pct":73.07}}
,"C:\\git\\tonalscale\\src\\utils\\tonal\\contrast.ts": {"lines":{"total":15,"covered":15,"skipped":0,"pct":100},"functions":{"total":4,"covered":3,"skipped":0,"pct":75},"statements":{"total":15,"covered":15,"skipped":0,"pct":100},"branches":{"total":5,"covered":5,"skipped":0,"pct":100}}
,"C:\\git\\tonalscale\\src\\utils\\tonal\\easing.ts": {"lines":{"total":47,"covered":47,"skipped":0,"pct":100},"functions":{"total":5,"covered":4,"skipped":0,"pct":80},"statements":{"total":47,"covered":47,"skipped":0,"pct":100},"branches":{"total":14,"covered":13,"skipped":0,"pct":92.85}}
,"C:\\git\\tonalscale\\src\\utils\\tonal\\scale.ts": {"lines":{"total":65,"covered":65,"skipped":0,"pct":100},"functions":{"total":3,"covered":3,"skipped":0,"pct":100},"statements":{"total":65,"covered":65,"skipped":0,"pct":100},"branches":{"total":21,"covered":21,"skipped":0,"pct":100}}
,"C:\\git\\tonalscale\\src\\views\\app-shell\\AppShellView.vue": {"lines":{"total":6,"covered":6,"skipped":0,"pct":100},"functions":{"total":0,"covered":0,"skipped":0,"pct":100},"statements":{"total":6,"covered":6,"skipped":0,"pct":100},"branches":{"total":0,"covered":0,"skipped":0,"pct":100}}
,"C:\\git\\tonalscale\\src\\views\\demo\\ScaffoldingDemoView.vue": {"lines":{"total":141,"covered":141,"skipped":0,"pct":100},"functions":{"total":0,"covered":0,"skipped":0,"pct":100},"statements":{"total":141,"covered":141,"skipped":0,"pct":100},"branches":{"total":15,"covered":15,"skipped":0,"pct":100}}
,"C:\\git\\tonalscale\\src\\views\\system\\NotFoundView.vue": {"lines":{"total":22,"covered":22,"skipped":0,"pct":100},"functions":{"total":0,"covered":0,"skipped":0,"pct":100},"statements":{"total":22,"covered":22,"skipped":0,"pct":100},"branches":{"total":0,"covered":0,"skipped":0,"pct":100}}
,"C:\\git\\tonalscale\\src\\views\\tonal-builder\\TonalBuilderHomeView.vue": {"lines":{"total":619,"covered":582,"skipped":0,"pct":94.02},"functions":{"total":26,"covered":6,"skipped":0,"pct":23.07},"statements":{"total":619,"covered":582,"skipped":0,"pct":94.02},"branches":{"total":24,"covered":18,"skipped":0,"pct":75}}
}
